<?xml version="1.0" encoding="UTF-8"?>
<!-- Generated by org.testng.reporters.JUnitReportReporter -->
<testsuite hostname="ON34C03276851" failures="0" tests="2" name="seleniumCompany.tests.ErrorValidations" time="36.895" errors="0" timestamp="2024-05-06T11:58:32 EDT" skipped="0">
  <testcase classname="seleniumCompany.tests.ErrorValidations" name="ProductErrorValidation" time="26.255"/>
  <testcase classname="seleniumCompany.tests.ErrorValidations" name="loginErrorValidation" time="10.640"/>
</testsuite> <!-- seleniumCompany.tests.ErrorValidations -->
