<?xml version="1.0" encoding="UTF-8"?>
<!-- Generated by org.testng.reporters.JUnitReportReporter -->
<testsuite hostname="ON34C03276851" failures="0" tests="4" name="seleniumCompany.tests.standAloneTest" time="57.940" errors="0" timestamp="2024-05-07T10:54:12 EDT" skipped="0">
  <testcase classname="seleniumCompany.tests.standAloneTest" name="orderHistoryTest" time="9.701"/>
  <testcase classname="seleniumCompany.tests.standAloneTest" name="submitOrder" time="13.657"/>
  <testcase classname="seleniumCompany.tests.standAloneTest" name="submitOrder" time="25.706"/>
  <testcase classname="seleniumCompany.tests.standAloneTest" name="orderHistoryTest" time="8.876"/>
</testsuite> <!-- seleniumCompany.tests.standAloneTest -->
