<?xml version="1.0" encoding="UTF-8"?>
<!-- Generated by org.testng.reporters.JUnitReportReporter -->
<testsuite hostname="ON34C03276851" failures="0" tests="1" name="seleniumCompany.tests.AppTest" time="0.005" errors="0" timestamp="2024-05-07T10:54:12 EDT" skipped="0">
  <testcase classname="seleniumCompany.tests.AppTest" name="shouldAnswerWithTrue" time="0.005"/>
</testsuite> <!-- seleniumCompany.tests.AppTest -->
